<?xml version="1.0" encoding="UTF-8"?>
<!-- Generated by org.testng.reporters.JUnitReportReporter -->
<testsuite hostname="DESKTOP-2GC0944" failures="0" tests="6" name="api.test.DDTests" time="11.407" errors="0" timestamp="2025-08-19T00:14:54 IST" skipped="0">
  <testcase classname="api.test.DDTests" name="testPostuser" time="4.520"/>
  <system-out/>
  <testcase classname="api.test.DDTests" name="testPostuser" time="1.387"/>
  <system-out/>
  <testcase classname="api.test.DDTests" name="testPostuser" time="1.388"/>
  <system-out/>
  <testcase classname="api.test.DDTests" name="testDeleteUserByName" time="1.331"/>
  <system-out/>
  <testcase classname="api.test.DDTests" name="testDeleteUserByName" time="1.411"/>
  <system-out/>
  <testcase classname="api.test.DDTests" name="testDeleteUserByName" time="1.370"/>
  <system-out/>
</testsuite> <!-- api.test.DDTests -->
