<?xml version="1.0" encoding="UTF-8"?>
<!-- Generated by org.testng.reporters.JUnitReportReporter -->
<testsuite hostname="DESKTOP-2GC0944" failures="0" tests="4" name="api.test.UserTests" time="14.022" errors="0" timestamp="2025-08-19T21:47:28 IST" skipped="0">
  <testcase classname="api.test.UserTests" name="testPostUser" time="4.631"/>
  <system-out/>
  <testcase classname="api.test.UserTests" name="testGetUserByName" time="3.340"/>
  <system-out/>
  <testcase classname="api.test.UserTests" name="testUpdateUserByName" time="4.800"/>
  <system-out/>
  <testcase classname="api.test.UserTests" name="testDeleteUserByName" time="1.251"/>
  <system-out/>
</testsuite> <!-- api.test.UserTests -->
