<?xml version="1.0" encoding="UTF-8"?>
<!-- Generated by org.testng.reporters.JUnitReportReporter -->
<testsuite hostname="DESKTOP-2GC0944" failures="0" tests="4" name="api.test.UserTests2" time="12.771" errors="0" timestamp="2025-08-19T22:32:15 IST" skipped="0">
  <testcase classname="api.test.UserTests2" name="testPostUser" time="4.769"/>
  <system-out/>
  <testcase classname="api.test.UserTests2" name="testGetUserByName" time="3.642"/>
  <system-out/>
  <testcase classname="api.test.UserTests2" name="testUpdateUserByName" time="3.011"/>
  <system-out/>
  <testcase classname="api.test.UserTests2" name="testDeleteUserByName" time="1.349"/>
  <system-out/>
</testsuite> <!-- api.test.UserTests2 -->
