<?xml version="1.0" encoding="UTF-8"?>
<!-- Generated by org.testng.reporters.JUnitReportReporter -->
<testsuite hostname="DESKTOP-2GC0944" failures="0" tests="4" name="api.test.UserTests2" time="12.065" errors="0" timestamp="2025-08-19T23:17:35 IST" skipped="0">
  <testcase classname="api.test.UserTests2" name="testPostUser" time="4.581"/>
  <testcase classname="api.test.UserTests2" name="testGetUserByName" time="3.387"/>
  <testcase classname="api.test.UserTests2" name="testUpdateUserByName" time="2.790"/>
  <testcase classname="api.test.UserTests2" name="testDeleteUserByName" time="1.307"/>
</testsuite> <!-- api.test.UserTests2 -->
